Build started 10/24/2011 5:51:59 PM.
     1>Project "Z:\adit\My Documents\csci262\Lab 7\Lab 7\Lab 7.vcxproj" on node 2 (build target(s)).
     1>PrepareForBuild:
         Creating directory "Z:\adit\My Documents\csci262\Lab 7\Debug\".
       InitializeBuildStatus:
         Creating "Debug\Lab 7.unsuccessfulbuild" because "AlwaysCreate" was specified.
       ClCompile:
         c:\Program Files (x86)\Microsoft Visual Studio 10.0\VC\bin\CL.exe /c /ZI /nologo /W3 /WX- /Od /Oy- /D WIN32 /D _DEBUG /D _CONSOLE /D _UNICODE /D UNICODE /Gm /EHsc /RTC1 /MDd /GS /fp:precise /Zc:wchar_t /Zc:forScope /Fo"Debug\\" /Fd"Debug\vc100.pdb" /Gd /TP /analyze- /errorReport:prompt nQueens.cpp
         nQueens.cpp
       ManifestResourceCompile:
         C:\Program Files (x86)\Microsoft SDKs\Windows\v7.0A\bin\rc.exe /nologo /fo"Debug\Lab 7.exe.embed.manifest.res" "Debug\Lab 7_manifest.rc" 
       Link:
         c:\Program Files (x86)\Microsoft Visual Studio 10.0\VC\bin\link.exe /ERRORREPORT:PROMPT /OUT:"Z:\adit\My Documents\csci262\Lab 7\Debug\Lab 7.exe" /INCREMENTAL /NOLOGO kernel32.lib user32.lib gdi32.lib winspool.lib comdlg32.lib advapi32.lib shell32.lib ole32.lib oleaut32.lib uuid.lib odbc32.lib odbccp32.lib /MANIFEST /ManifestFile:"Debug\Lab 7.exe.intermediate.manifest" /MANIFESTUAC:"level='asInvoker' uiAccess='false'" /DEBUG /PDB:"Z:\adit\My Documents\csci262\Lab 7\Debug\Lab 7.pdb" /SUBSYSTEM:CONSOLE /TLBID:1 /DYNAMICBASE /NXCOMPAT /IMPLIB:"Z:\adit\My Documents\csci262\Lab 7\Debug\Lab 7.lib" /MACHINE:X86 "Debug\Lab 7.exe.embed.manifest.res"
         Debug\nQueens.obj
       Manifest:
         C:\Program Files (x86)\Microsoft SDKs\Windows\v7.0A\bin\mt.exe /nologo /verbose /out:"Debug\Lab 7.exe.embed.manifest" /manifest "Debug\Lab 7.exe.intermediate.manifest"
         C:\Program Files (x86)\Microsoft SDKs\Windows\v7.0A\bin\rc.exe /nologo /fo"Debug\Lab 7.exe.embed.manifest.res" "Debug\Lab 7_manifest.rc" 
       LinkEmbedManifest:
         c:\Program Files (x86)\Microsoft Visual Studio 10.0\VC\bin\link.exe /ERRORREPORT:PROMPT /OUT:"Z:\adit\My Documents\csci262\Lab 7\Debug\Lab 7.exe" /INCREMENTAL /NOLOGO kernel32.lib user32.lib gdi32.lib winspool.lib comdlg32.lib advapi32.lib shell32.lib ole32.lib oleaut32.lib uuid.lib odbc32.lib odbccp32.lib /MANIFEST /ManifestFile:"Debug\Lab 7.exe.intermediate.manifest" /MANIFESTUAC:"level='asInvoker' uiAccess='false'" /DEBUG /PDB:"Z:\adit\My Documents\csci262\Lab 7\Debug\Lab 7.pdb" /SUBSYSTEM:CONSOLE /TLBID:1 /DYNAMICBASE /NXCOMPAT /IMPLIB:"Z:\adit\My Documents\csci262\Lab 7\Debug\Lab 7.lib" /MACHINE:X86 "Debug\Lab 7.exe.embed.manifest.res"
         Debug\nQueens.obj
         Lab 7.vcxproj -> Z:\adit\My Documents\csci262\Lab 7\Debug\Lab 7.exe
       FinalizeBuildStatus:
         Deleting file "Debug\Lab 7.unsuccessfulbuild".
         Touching "Debug\Lab 7.lastbuildstate".
     1>Done Building Project "Z:\adit\My Documents\csci262\Lab 7\Lab 7\Lab 7.vcxproj" (build target(s)).

Build succeeded.

Time Elapsed 00:00:08.26
