Build started 9/19/2011 8:59:52 PM.
     1>Project "C:\Users\Willy Weiskopf\Willy\School\csci262\Lab 3\Lab03\Lab03.vcxproj" on node 2 (build target(s)).
     1>InitializeBuildStatus:
         Creating "Debug\Lab03.unsuccessfulbuild" because "AlwaysCreate" was specified.
       GenerateTargetFrameworkMonikerAttribute:
       Skipping target "GenerateTargetFrameworkMonikerAttribute" because all output files are up-to-date with respect to the input files.
       ClCompile:
         All outputs are up-to-date.
         All outputs are up-to-date.
       CoreResGen:
         All outputs are up-to-date.
       ResourceCompile:
         All outputs are up-to-date.
       Link:
         All outputs are up-to-date.
         Lab03.vcxproj -> C:\Users\Willy Weiskopf\Willy\School\csci262\Lab 3\Debug\Lab03.exe
       FinalizeBuildStatus:
         Deleting file "Debug\Lab03.unsuccessfulbuild".
         Touching "Debug\Lab03.lastbuildstate".
     1>Done Building Project "C:\Users\Willy Weiskopf\Willy\School\csci262\Lab 3\Lab03\Lab03.vcxproj" (build target(s)).

Build succeeded.

Time Elapsed 00:00:00.05
