C:\APPSENSEVIRTUAL\S-1-5-21-1034197437-1726532848-3120442065-18182\{CCB540D8-20B3-49A3-8B03-CD2B8F9BF818}\_OFFICE TRACKER\REGISTRY\SETTINGS.FBR
C:\DOCUMENTS AND SETTINGS\THEWILLMAN\DESKTOP\WILLY\SCHOOL\CSCI262\LAB 3\DEBUG\LAB03.EXE
C:\DOCUMENTS AND SETTINGS\THEWILLMAN\DESKTOP\WILLY\SCHOOL\CSCI262\LAB 3\DEBUG\LAB03.ILK
C:\DOCUMENTS AND SETTINGS\THEWILLMAN\DESKTOP\WILLY\SCHOOL\CSCI262\LAB 3\DEBUG\LAB03.PDB
C:\DOCUMENTS AND SETTINGS\THEWILLMAN\DESKTOP\WILLY\SCHOOL\CSCI262\LAB 3\LAB03\DEBUG\.NETFRAMEWORK,VERSION=V4.0.ASSEMBLYATTRIBUTES.OBJ
C:\DOCUMENTS AND SETTINGS\THEWILLMAN\DESKTOP\WILLY\SCHOOL\CSCI262\LAB 3\LAB03\DEBUG\APP.RES
C:\DOCUMENTS AND SETTINGS\THEWILLMAN\DESKTOP\WILLY\SCHOOL\CSCI262\LAB 3\LAB03\DEBUG\ASSEMBLYINFO.OBJ
C:\Documents and Settings\TheWillMan\Desktop\Willy\School\csci262\Lab 3\Lab03\Debug\cl.command.1.tlog
C:\Documents and Settings\TheWillMan\Desktop\Willy\School\csci262\Lab 3\Lab03\Debug\CL.read.1.tlog
C:\Documents and Settings\TheWillMan\Desktop\Willy\School\csci262\Lab 3\Lab03\Debug\CL.write.1.tlog
C:\DOCUMENTS AND SETTINGS\THEWILLMAN\DESKTOP\WILLY\SCHOOL\CSCI262\LAB 3\LAB03\DEBUG\DRAWLIST.OBJ
C:\Documents and Settings\TheWillMan\Desktop\Willy\School\csci262\Lab 3\Lab03\Debug\GenerateResource.read.1.tlog
C:\Documents and Settings\TheWillMan\Desktop\Willy\School\csci262\Lab 3\Lab03\Debug\GenerateResource.write.1.tlog
C:\DOCUMENTS AND SETTINGS\THEWILLMAN\DESKTOP\WILLY\SCHOOL\CSCI262\LAB 3\LAB03\DEBUG\LAB03.EXE.INTERMEDIATE.MANIFEST
C:\DOCUMENTS AND SETTINGS\THEWILLMAN\DESKTOP\WILLY\SCHOOL\CSCI262\LAB 3\LAB03\DEBUG\LAB03.FORM1.RESOURCES
C:\DOCUMENTS AND SETTINGS\THEWILLMAN\DESKTOP\WILLY\SCHOOL\CSCI262\LAB 3\LAB03\DEBUG\LAB03.OBJ
C:\Documents and Settings\TheWillMan\Desktop\Willy\School\csci262\Lab 3\Lab03\Debug\Lab03.write.1.tlog
C:\Documents and Settings\TheWillMan\Desktop\Willy\School\csci262\Lab 3\Lab03\Debug\link.1128.read.1.tlog
C:\Documents and Settings\TheWillMan\Desktop\Willy\School\csci262\Lab 3\Lab03\Debug\link.1128.write.1.tlog
C:\Documents and Settings\TheWillMan\Desktop\Willy\School\csci262\Lab 3\Lab03\Debug\link.1128-cvtres.read.1.tlog
C:\Documents and Settings\TheWillMan\Desktop\Willy\School\csci262\Lab 3\Lab03\Debug\link.1128-cvtres.write.1.tlog
C:\Documents and Settings\TheWillMan\Desktop\Willy\School\csci262\Lab 3\Lab03\Debug\link.1600.read.1.tlog
C:\Documents and Settings\TheWillMan\Desktop\Willy\School\csci262\Lab 3\Lab03\Debug\link.1600.write.1.tlog
C:\Documents and Settings\TheWillMan\Desktop\Willy\School\csci262\Lab 3\Lab03\Debug\link.1600-cvtres.read.1.tlog
C:\Documents and Settings\TheWillMan\Desktop\Willy\School\csci262\Lab 3\Lab03\Debug\link.1600-cvtres.write.1.tlog
C:\Documents and Settings\TheWillMan\Desktop\Willy\School\csci262\Lab 3\Lab03\Debug\link.224.read.1.tlog
C:\Documents and Settings\TheWillMan\Desktop\Willy\School\csci262\Lab 3\Lab03\Debug\link.224.write.1.tlog
C:\Documents and Settings\TheWillMan\Desktop\Willy\School\csci262\Lab 3\Lab03\Debug\link.224-cvtres.read.1.tlog
C:\Documents and Settings\TheWillMan\Desktop\Willy\School\csci262\Lab 3\Lab03\Debug\link.224-cvtres.write.1.tlog
C:\Documents and Settings\TheWillMan\Desktop\Willy\School\csci262\Lab 3\Lab03\Debug\link.2784.read.1.tlog
C:\Documents and Settings\TheWillMan\Desktop\Willy\School\csci262\Lab 3\Lab03\Debug\link.2784.write.1.tlog
C:\Documents and Settings\TheWillMan\Desktop\Willy\School\csci262\Lab 3\Lab03\Debug\link.2784-cvtres.read.1.tlog
C:\Documents and Settings\TheWillMan\Desktop\Willy\School\csci262\Lab 3\Lab03\Debug\link.2784-cvtres.write.1.tlog
C:\Documents and Settings\TheWillMan\Desktop\Willy\School\csci262\Lab 3\Lab03\Debug\link.2860.read.1.tlog
C:\Documents and Settings\TheWillMan\Desktop\Willy\School\csci262\Lab 3\Lab03\Debug\link.2860.write.1.tlog
C:\Documents and Settings\TheWillMan\Desktop\Willy\School\csci262\Lab 3\Lab03\Debug\link.2860-cvtres.read.1.tlog
C:\Documents and Settings\TheWillMan\Desktop\Willy\School\csci262\Lab 3\Lab03\Debug\link.2860-cvtres.write.1.tlog
C:\Documents and Settings\TheWillMan\Desktop\Willy\School\csci262\Lab 3\Lab03\Debug\link.2884.read.1.tlog
C:\Documents and Settings\TheWillMan\Desktop\Willy\School\csci262\Lab 3\Lab03\Debug\link.2884.write.1.tlog
C:\Documents and Settings\TheWillMan\Desktop\Willy\School\csci262\Lab 3\Lab03\Debug\link.2884-cvtres.read.1.tlog
C:\Documents and Settings\TheWillMan\Desktop\Willy\School\csci262\Lab 3\Lab03\Debug\link.2884-cvtres.write.1.tlog
C:\Documents and Settings\TheWillMan\Desktop\Willy\School\csci262\Lab 3\Lab03\Debug\link.4008.read.1.tlog
C:\Documents and Settings\TheWillMan\Desktop\Willy\School\csci262\Lab 3\Lab03\Debug\link.4008.write.1.tlog
C:\Documents and Settings\TheWillMan\Desktop\Willy\School\csci262\Lab 3\Lab03\Debug\link.4008-cvtres.read.1.tlog
C:\Documents and Settings\TheWillMan\Desktop\Willy\School\csci262\Lab 3\Lab03\Debug\link.4008-cvtres.write.1.tlog
C:\Documents and Settings\TheWillMan\Desktop\Willy\School\csci262\Lab 3\Lab03\Debug\link.4196.read.1.tlog
C:\Documents and Settings\TheWillMan\Desktop\Willy\School\csci262\Lab 3\Lab03\Debug\link.4196.write.1.tlog
C:\Documents and Settings\TheWillMan\Desktop\Willy\School\csci262\Lab 3\Lab03\Debug\link.4196-cvtres.read.1.tlog
C:\Documents and Settings\TheWillMan\Desktop\Willy\School\csci262\Lab 3\Lab03\Debug\link.4196-cvtres.write.1.tlog
C:\Documents and Settings\TheWillMan\Desktop\Willy\School\csci262\Lab 3\Lab03\Debug\link.4320.read.1.tlog
C:\Documents and Settings\TheWillMan\Desktop\Willy\School\csci262\Lab 3\Lab03\Debug\link.4320.write.1.tlog
C:\Documents and Settings\TheWillMan\Desktop\Willy\School\csci262\Lab 3\Lab03\Debug\link.4320-cvtres.read.1.tlog
C:\Documents and Settings\TheWillMan\Desktop\Willy\School\csci262\Lab 3\Lab03\Debug\link.4320-cvtres.write.1.tlog
C:\Documents and Settings\TheWillMan\Desktop\Willy\School\csci262\Lab 3\Lab03\Debug\link.4436.read.1.tlog
C:\Documents and Settings\TheWillMan\Desktop\Willy\School\csci262\Lab 3\Lab03\Debug\link.4436.write.1.tlog
C:\Documents and Settings\TheWillMan\Desktop\Willy\School\csci262\Lab 3\Lab03\Debug\link.4436-cvtres.read.1.tlog
C:\Documents and Settings\TheWillMan\Desktop\Willy\School\csci262\Lab 3\Lab03\Debug\link.4436-cvtres.write.1.tlog
C:\Documents and Settings\TheWillMan\Desktop\Willy\School\csci262\Lab 3\Lab03\Debug\link.4484.read.1.tlog
C:\Documents and Settings\TheWillMan\Desktop\Willy\School\csci262\Lab 3\Lab03\Debug\link.4484.write.1.tlog
C:\Documents and Settings\TheWillMan\Desktop\Willy\School\csci262\Lab 3\Lab03\Debug\link.4484-cvtres.read.1.tlog
C:\Documents and Settings\TheWillMan\Desktop\Willy\School\csci262\Lab 3\Lab03\Debug\link.4484-cvtres.write.1.tlog
C:\Documents and Settings\TheWillMan\Desktop\Willy\School\csci262\Lab 3\Lab03\Debug\link.4640.read.1.tlog
C:\Documents and Settings\TheWillMan\Desktop\Willy\School\csci262\Lab 3\Lab03\Debug\link.4640.write.1.tlog
C:\Documents and Settings\TheWillMan\Desktop\Willy\School\csci262\Lab 3\Lab03\Debug\link.4640-cvtres.read.1.tlog
C:\Documents and Settings\TheWillMan\Desktop\Willy\School\csci262\Lab 3\Lab03\Debug\link.4640-cvtres.write.1.tlog
C:\Documents and Settings\TheWillMan\Desktop\Willy\School\csci262\Lab 3\Lab03\Debug\link.4692.read.1.tlog
C:\Documents and Settings\TheWillMan\Desktop\Willy\School\csci262\Lab 3\Lab03\Debug\link.4692.write.1.tlog
C:\Documents and Settings\TheWillMan\Desktop\Willy\School\csci262\Lab 3\Lab03\Debug\link.4692-cvtres.read.1.tlog
C:\Documents and Settings\TheWillMan\Desktop\Willy\School\csci262\Lab 3\Lab03\Debug\link.4692-cvtres.write.1.tlog
C:\Documents and Settings\TheWillMan\Desktop\Willy\School\csci262\Lab 3\Lab03\Debug\link.4756.read.1.tlog
C:\Documents and Settings\TheWillMan\Desktop\Willy\School\csci262\Lab 3\Lab03\Debug\link.4756.write.1.tlog
C:\Documents and Settings\TheWillMan\Desktop\Willy\School\csci262\Lab 3\Lab03\Debug\link.4756-cvtres.read.1.tlog
C:\Documents and Settings\TheWillMan\Desktop\Willy\School\csci262\Lab 3\Lab03\Debug\link.4756-cvtres.write.1.tlog
C:\Documents and Settings\TheWillMan\Desktop\Willy\School\csci262\Lab 3\Lab03\Debug\link.4892.read.1.tlog
C:\Documents and Settings\TheWillMan\Desktop\Willy\School\csci262\Lab 3\Lab03\Debug\link.4892.write.1.tlog
C:\Documents and Settings\TheWillMan\Desktop\Willy\School\csci262\Lab 3\Lab03\Debug\link.4892-cvtres.read.1.tlog
C:\Documents and Settings\TheWillMan\Desktop\Willy\School\csci262\Lab 3\Lab03\Debug\link.4892-cvtres.write.1.tlog
C:\Documents and Settings\TheWillMan\Desktop\Willy\School\csci262\Lab 3\Lab03\Debug\link.5920.read.1.tlog
C:\Documents and Settings\TheWillMan\Desktop\Willy\School\csci262\Lab 3\Lab03\Debug\link.5920.write.1.tlog
C:\Documents and Settings\TheWillMan\Desktop\Willy\School\csci262\Lab 3\Lab03\Debug\link.5920-cvtres.read.1.tlog
C:\Documents and Settings\TheWillMan\Desktop\Willy\School\csci262\Lab 3\Lab03\Debug\link.5920-cvtres.write.1.tlog
C:\Documents and Settings\TheWillMan\Desktop\Willy\School\csci262\Lab 3\Lab03\Debug\link.844.read.1.tlog
C:\Documents and Settings\TheWillMan\Desktop\Willy\School\csci262\Lab 3\Lab03\Debug\link.844.write.1.tlog
C:\Documents and Settings\TheWillMan\Desktop\Willy\School\csci262\Lab 3\Lab03\Debug\link.844-cvtres.read.1.tlog
C:\Documents and Settings\TheWillMan\Desktop\Willy\School\csci262\Lab 3\Lab03\Debug\link.844-cvtres.write.1.tlog
C:\Documents and Settings\TheWillMan\Desktop\Willy\School\csci262\Lab 3\Lab03\Debug\link.command.1.tlog
C:\Documents and Settings\TheWillMan\Desktop\Willy\School\csci262\Lab 3\Lab03\Debug\link.read.1.tlog
C:\Documents and Settings\TheWillMan\Desktop\Willy\School\csci262\Lab 3\Lab03\Debug\link.write.1.tlog
C:\Documents and Settings\TheWillMan\Desktop\Willy\School\csci262\Lab 3\Lab03\Debug\mt.command.1.tlog
C:\Documents and Settings\TheWillMan\Desktop\Willy\School\csci262\Lab 3\Lab03\Debug\mt.read.1.tlog
C:\Documents and Settings\TheWillMan\Desktop\Willy\School\csci262\Lab 3\Lab03\Debug\mt.write.1.tlog
C:\DOCUMENTS AND SETTINGS\THEWILLMAN\DESKTOP\WILLY\SCHOOL\CSCI262\LAB 3\LAB03\DEBUG\MYRECT.OBJ
C:\Documents and Settings\TheWillMan\Desktop\Willy\School\csci262\Lab 3\Lab03\Debug\rc.command.1.tlog
C:\Documents and Settings\TheWillMan\Desktop\Willy\School\csci262\Lab 3\Lab03\Debug\rc.read.1.tlog
C:\Documents and Settings\TheWillMan\Desktop\Willy\School\csci262\Lab 3\Lab03\Debug\rc.write.1.tlog
C:\DOCUMENTS AND SETTINGS\THEWILLMAN\DESKTOP\WILLY\SCHOOL\CSCI262\LAB 3\LAB03\DEBUG\VC100.PDB
C:\USERS\WILLY WEISKOPF\WILLY\SCHOOL\CSCI262\LAB 3\DEBUG\LAB03.EXE
C:\USERS\WILLY WEISKOPF\WILLY\SCHOOL\CSCI262\LAB 3\DEBUG\LAB03.ILK
C:\USERS\WILLY WEISKOPF\WILLY\SCHOOL\CSCI262\LAB 3\DEBUG\LAB03.PDB
C:\USERS\WILLY WEISKOPF\WILLY\SCHOOL\CSCI262\LAB 3\LAB03\DEBUG\.NETFRAMEWORK,VERSION=V4.0.ASSEMBLYATTRIBUTES.OBJ
C:\USERS\WILLY WEISKOPF\WILLY\SCHOOL\CSCI262\LAB 3\LAB03\DEBUG\APP.RES
C:\USERS\WILLY WEISKOPF\WILLY\SCHOOL\CSCI262\LAB 3\LAB03\DEBUG\ASSEMBLYINFO.OBJ
C:\USERS\WILLY WEISKOPF\WILLY\SCHOOL\CSCI262\LAB 3\LAB03\DEBUG\LAB03.EXE.INTERMEDIATE.MANIFEST
C:\USERS\WILLY WEISKOPF\WILLY\SCHOOL\CSCI262\LAB 3\LAB03\DEBUG\LAB03.FORM1.RESOURCES
C:\USERS\WILLY WEISKOPF\WILLY\SCHOOL\CSCI262\LAB 3\LAB03\DEBUG\LAB03.OBJ
C:\USERS\WILLY WEISKOPF\WILLY\SCHOOL\CSCI262\LAB 3\LAB03\DEBUG\MYRECT.OBJ
C:\USERS\WILLY WEISKOPF\WILLY\SCHOOL\CSCI262\LAB 3\LAB03\DEBUG\VC100.PDB
Z:\ADIT\MY DOCUMENTS\CSCI262\LAB3\LAB03\DEBUG\.NETFRAMEWORK,VERSION=V4.0.ASSEMBLYATTRIBUTES.OBJ
Z:\ADIT\MY DOCUMENTS\CSCI262\LAB3\LAB03\DEBUG\ASSEMBLYINFO.OBJ
Z:\ADIT\MY DOCUMENTS\CSCI262\LAB3\LAB03\DEBUG\VC100.PDB
