C:\USERS\IVAN\DESKTOP\CURRENT10\DEBUG\LAB10.EXE
C:\USERS\IVAN\DESKTOP\CURRENT10\DEBUG\LAB10.ILK
C:\USERS\IVAN\DESKTOP\CURRENT10\DEBUG\LAB10.PDB
C:\Users\Ivan\Desktop\current10\Lab10\Debug\cl.command.1.tlog
C:\Users\Ivan\Desktop\current10\Lab10\Debug\CL.read.1.tlog
C:\Users\Ivan\Desktop\current10\Lab10\Debug\CL.write.1.tlog
C:\USERS\IVAN\DESKTOP\CURRENT10\LAB10\DEBUG\LAB10.EXE.EMBED.MANIFEST
C:\USERS\IVAN\DESKTOP\CURRENT10\LAB10\DEBUG\LAB10.EXE.EMBED.MANIFEST.RES
C:\USERS\IVAN\DESKTOP\CURRENT10\LAB10\DEBUG\LAB10.EXE.INTERMEDIATE.MANIFEST
C:\Users\Ivan\Desktop\current10\Lab10\Debug\Lab10_manifest.rc
C:\Users\Ivan\Desktop\current10\Lab10\Debug\link.5048.read.1.tlog
C:\Users\Ivan\Desktop\current10\Lab10\Debug\link.5048.write.1.tlog
C:\Users\Ivan\Desktop\current10\Lab10\Debug\link.5048-cvtres.read.1.tlog
C:\Users\Ivan\Desktop\current10\Lab10\Debug\link.5048-cvtres.write.1.tlog
C:\Users\Ivan\Desktop\current10\Lab10\Debug\link.command.1.tlog
C:\Users\Ivan\Desktop\current10\Lab10\Debug\link.read.1.tlog
C:\Users\Ivan\Desktop\current10\Lab10\Debug\link.write.1.tlog
C:\Users\Ivan\Desktop\current10\Lab10\Debug\link-cvtres.read.1.tlog
C:\Users\Ivan\Desktop\current10\Lab10\Debug\link-cvtres.write.1.tlog
C:\USERS\IVAN\DESKTOP\CURRENT10\LAB10\DEBUG\MAIN.OBJ
C:\Users\Ivan\Desktop\current10\Lab10\Debug\mt.command.1.tlog
C:\Users\Ivan\Desktop\current10\Lab10\Debug\mt.read.1.tlog
C:\Users\Ivan\Desktop\current10\Lab10\Debug\mt.write.1.tlog
C:\Users\Ivan\Desktop\current10\Lab10\Debug\rc.command.1.tlog
C:\Users\Ivan\Desktop\current10\Lab10\Debug\rc.read.1.tlog
C:\Users\Ivan\Desktop\current10\Lab10\Debug\rc.write.1.tlog
C:\Users\Ivan\Desktop\current10\Lab10\Debug\vc100.idb
C:\USERS\IVAN\DESKTOP\CURRENT10\LAB10\DEBUG\VC100.PDB
