C:\USERS\IVAN\DESKTOP\CURRENT10\AUTHENTICATION\DEBUG\AUTHENTICATION.EXE.EMBED.MANIFEST
C:\USERS\IVAN\DESKTOP\CURRENT10\AUTHENTICATION\DEBUG\AUTHENTICATION.EXE.EMBED.MANIFEST.RES
C:\USERS\IVAN\DESKTOP\CURRENT10\AUTHENTICATION\DEBUG\AUTHENTICATION.EXE.INTERMEDIATE.MANIFEST
C:\Users\Ivan\Desktop\current10\Authentication\Debug\Authentication_manifest.rc
C:\Users\Ivan\Desktop\current10\Authentication\Debug\cl.command.1.tlog
C:\Users\Ivan\Desktop\current10\Authentication\Debug\CL.read.1.tlog
C:\Users\Ivan\Desktop\current10\Authentication\Debug\CL.write.1.tlog
C:\Users\Ivan\Desktop\current10\Authentication\Debug\link.3636.read.1.tlog
C:\Users\Ivan\Desktop\current10\Authentication\Debug\link.3636.write.1.tlog
C:\Users\Ivan\Desktop\current10\Authentication\Debug\link.3636-cvtres.read.1.tlog
C:\Users\Ivan\Desktop\current10\Authentication\Debug\link.3636-cvtres.write.1.tlog
C:\Users\Ivan\Desktop\current10\Authentication\Debug\link.6624.read.1.tlog
C:\Users\Ivan\Desktop\current10\Authentication\Debug\link.6624.write.1.tlog
C:\Users\Ivan\Desktop\current10\Authentication\Debug\link.6624-cvtres.read.1.tlog
C:\Users\Ivan\Desktop\current10\Authentication\Debug\link.6624-cvtres.write.1.tlog
C:\Users\Ivan\Desktop\current10\Authentication\Debug\link.command.1.tlog
C:\Users\Ivan\Desktop\current10\Authentication\Debug\link.read.1.tlog
C:\Users\Ivan\Desktop\current10\Authentication\Debug\link.write.1.tlog
C:\Users\Ivan\Desktop\current10\Authentication\Debug\link-cvtres.read.1.tlog
C:\Users\Ivan\Desktop\current10\Authentication\Debug\link-cvtres.write.1.tlog
C:\USERS\IVAN\DESKTOP\CURRENT10\AUTHENTICATION\DEBUG\MAIN.OBJ
C:\Users\Ivan\Desktop\current10\Authentication\Debug\mt.command.1.tlog
C:\Users\Ivan\Desktop\current10\Authentication\Debug\mt.read.1.tlog
C:\Users\Ivan\Desktop\current10\Authentication\Debug\mt.write.1.tlog
C:\Users\Ivan\Desktop\current10\Authentication\Debug\rc.command.1.tlog
C:\Users\Ivan\Desktop\current10\Authentication\Debug\rc.read.1.tlog
C:\Users\Ivan\Desktop\current10\Authentication\Debug\rc.write.1.tlog
C:\USERS\IVAN\DESKTOP\CURRENT10\AUTHENTICATION\DEBUG\USER.OBJ
C:\Users\Ivan\Desktop\current10\Authentication\Debug\vc100.idb
C:\USERS\IVAN\DESKTOP\CURRENT10\AUTHENTICATION\DEBUG\VC100.PDB
C:\USERS\IVAN\DESKTOP\CURRENT10\DEBUG\AUTHENTICATION.EXE
C:\USERS\IVAN\DESKTOP\CURRENT10\DEBUG\AUTHENTICATION.ILK
C:\USERS\IVAN\DESKTOP\CURRENT10\DEBUG\AUTHENTICATION.PDB
