Build started 10/14/2011 6:16:57 PM.
     1>Project "C:\Documents and Settings\TheWillMan\Desktop\Willy\School\csci262\Lab 5\Exercise 1 - Linked List Class\Lab05.vcxproj" on node 2 (build target(s)).
     1>InitializeBuildStatus:
         Creating "Debug\Exercise 1 - Linked List Class.unsuccessfulbuild" because "AlwaysCreate" was specified.
       ClCompile:
         c:\Program Files\Microsoft Visual Studio 10.0\VC\bin\CL.exe /c /ZI /nologo /W3 /WX- /Od /Oy- /D WIN32 /D _DEBUG /D _CONSOLE /D _UNICODE /D UNICODE /Gm /EHsc /RTC1 /MDd /GS /fp:precise /Zc:wchar_t /Zc:forScope /Fo"Debug\\" /Fd"Debug\vc100.pdb" /Gd /TP /analyze- /errorReport:prompt LinkedList.cpp
         LinkedList.cpp
       ManifestResourceCompile:
         C:\Program Files\Microsoft SDKs\Windows\v7.0A\bin\rc.exe /nologo /fo"Debug\Exercise 1 - Linked List Class.exe.embed.manifest.res" "Debug\Exercise 1 - Linked List Class_manifest.rc" 
       Link:
         c:\Program Files\Microsoft Visual Studio 10.0\VC\bin\link.exe /ERRORREPORT:PROMPT /OUT:"C:\Documents and Settings\TheWillMan\Desktop\Willy\School\csci262\Lab 5\Debug\Exercise 1 - Linked List Class.exe" /INCREMENTAL /NOLOGO kernel32.lib user32.lib gdi32.lib winspool.lib comdlg32.lib advapi32.lib shell32.lib ole32.lib oleaut32.lib uuid.lib odbc32.lib odbccp32.lib /MANIFEST /ManifestFile:"Debug\Exercise 1 - Linked List Class.exe.intermediate.manifest" /MANIFESTUAC:"level='asInvoker' uiAccess='false'" /DEBUG /PDB:"C:\Documents and Settings\TheWillMan\Desktop\Willy\School\csci262\Lab 5\Debug\Exercise 1 - Linked List Class.pdb" /SUBSYSTEM:CONSOLE /TLBID:1 /DYNAMICBASE /NXCOMPAT /IMPLIB:"C:\Documents and Settings\TheWillMan\Desktop\Willy\School\csci262\Lab 5\Debug\Exercise 1 - Linked List Class.lib" /MACHINE:X86 "Debug\Exercise 1 - Linked List Class.exe.embed.manifest.res"
         Debug\LinkedList.obj
         Debug\LinkedListTest.obj
         LINK : C:\Documents and Settings\TheWillMan\Desktop\Willy\School\csci262\Lab 5\Debug\Exercise 1 - Linked List Class.exe not found or not built by the last incremental link; performing full link
       Manifest:
         C:\Program Files\Microsoft SDKs\Windows\v7.0A\bin\mt.exe /nologo /verbose /out:"Debug\Exercise 1 - Linked List Class.exe.embed.manifest" /manifest "Debug\Exercise 1 - Linked List Class.exe.intermediate.manifest"
         All outputs are up-to-date.
       LinkEmbedManifest:
         All outputs are up-to-date.
         Lab05.vcxproj -> C:\Documents and Settings\TheWillMan\Desktop\Willy\School\csci262\Lab 5\Debug\Exercise 1 - Linked List Class.exe
       FinalizeBuildStatus:
         Deleting file "Debug\Exercise 1 - Linked List Class.unsuccessfulbuild".
         Touching "Debug\Exercise 1 - Linked List Class.lastbuildstate".
     1>Done Building Project "C:\Documents and Settings\TheWillMan\Desktop\Willy\School\csci262\Lab 5\Exercise 1 - Linked List Class\Lab05.vcxproj" (build target(s)).

Build succeeded.

Time Elapsed 00:00:04.14
