C:\USERS\DRUSSELL\DOCUMENTS\FALL2011\CSCI262\LAB10\AUTHENTICATION\DEBUG\AUTHENTICATION.EXE.EMBED.MANIFEST
C:\USERS\DRUSSELL\DOCUMENTS\FALL2011\CSCI262\LAB10\AUTHENTICATION\DEBUG\AUTHENTICATION.EXE.EMBED.MANIFEST.RES
C:\USERS\DRUSSELL\DOCUMENTS\FALL2011\CSCI262\LAB10\AUTHENTICATION\DEBUG\AUTHENTICATION.EXE.INTERMEDIATE.MANIFEST
C:\Users\DRussell\Documents\Fall2011\CSCI262\Lab10\Authentication\Debug\Authentication_manifest.rc
C:\Users\DRussell\Documents\Fall2011\CSCI262\Lab10\Authentication\Debug\cl.command.1.tlog
C:\Users\DRussell\Documents\Fall2011\CSCI262\Lab10\Authentication\Debug\CL.read.1.tlog
C:\Users\DRussell\Documents\Fall2011\CSCI262\Lab10\Authentication\Debug\CL.write.1.tlog
C:\Users\DRussell\Documents\Fall2011\CSCI262\Lab10\Authentication\Debug\link.2176.read.1.tlog
C:\Users\DRussell\Documents\Fall2011\CSCI262\Lab10\Authentication\Debug\link.2176.write.1.tlog
C:\Users\DRussell\Documents\Fall2011\CSCI262\Lab10\Authentication\Debug\link.2176-cvtres.read.1.tlog
C:\Users\DRussell\Documents\Fall2011\CSCI262\Lab10\Authentication\Debug\link.2176-cvtres.write.1.tlog
C:\Users\DRussell\Documents\Fall2011\CSCI262\Lab10\Authentication\Debug\link.command.1.tlog
C:\Users\DRussell\Documents\Fall2011\CSCI262\Lab10\Authentication\Debug\link.read.1.tlog
C:\Users\DRussell\Documents\Fall2011\CSCI262\Lab10\Authentication\Debug\link.write.1.tlog
C:\Users\DRussell\Documents\Fall2011\CSCI262\Lab10\Authentication\Debug\link-cvtres.read.1.tlog
C:\Users\DRussell\Documents\Fall2011\CSCI262\Lab10\Authentication\Debug\link-cvtres.write.1.tlog
C:\USERS\DRUSSELL\DOCUMENTS\FALL2011\CSCI262\LAB10\AUTHENTICATION\DEBUG\MAIN.OBJ
C:\Users\DRussell\Documents\Fall2011\CSCI262\Lab10\Authentication\Debug\mt.command.1.tlog
C:\Users\DRussell\Documents\Fall2011\CSCI262\Lab10\Authentication\Debug\mt.read.1.tlog
C:\Users\DRussell\Documents\Fall2011\CSCI262\Lab10\Authentication\Debug\mt.write.1.tlog
C:\Users\DRussell\Documents\Fall2011\CSCI262\Lab10\Authentication\Debug\rc.command.1.tlog
C:\Users\DRussell\Documents\Fall2011\CSCI262\Lab10\Authentication\Debug\rc.read.1.tlog
C:\Users\DRussell\Documents\Fall2011\CSCI262\Lab10\Authentication\Debug\rc.write.1.tlog
C:\USERS\DRUSSELL\DOCUMENTS\FALL2011\CSCI262\LAB10\AUTHENTICATION\DEBUG\USER.OBJ
C:\Users\DRussell\Documents\Fall2011\CSCI262\Lab10\Authentication\Debug\vc100.idb
C:\USERS\DRUSSELL\DOCUMENTS\FALL2011\CSCI262\LAB10\AUTHENTICATION\DEBUG\VC100.PDB
C:\USERS\DRUSSELL\DOCUMENTS\FALL2011\CSCI262\LAB10\DEBUG\AUTHENTICATION.EXE
C:\USERS\DRUSSELL\DOCUMENTS\FALL2011\CSCI262\LAB10\DEBUG\AUTHENTICATION.ILK
C:\USERS\DRUSSELL\DOCUMENTS\FALL2011\CSCI262\LAB10\DEBUG\AUTHENTICATION.PDB
