Build started 10/24/2011 12:06:45 PM.
     1>Project "Z:\adit\My Documents\csci262\Lab 6\Lab6\Lab6.vcxproj" on node 2 (build target(s)).
     1>PrepareForBuild:
         Creating directory "Z:\adit\My Documents\csci262\Lab 6\Debug\".
       InitializeBuildStatus:
         Creating "Debug\Lab6.unsuccessfulbuild" because "AlwaysCreate" was specified.
       ClCompile:
         c:\Program Files (x86)\Microsoft Visual Studio 10.0\VC\bin\CL.exe /c /ZI /nologo /W3 /WX- /Od /Oy- /D WIN32 /D _DEBUG /D _CONSOLE /D _UNICODE /D UNICODE /Gm /EHsc /RTC1 /MDd /GS /fp:precise /Zc:wchar_t /Zc:forScope /Fo"Debug\\" /Fd"Debug\vc100.pdb" /Gd /TP /analyze- /errorReport:prompt Boost.cpp car.cpp carReader.cpp racingGame.cpp tile.cpp trackReader.cpp turn.cpp
         turn.cpp
         trackReader.cpp
         tile.cpp
         racingGame.cpp
         carReader.cpp
         car.cpp
         Boost.cpp
     1>z:\adit\my documents\csci262\lab 6\lab6\boost.cpp(6): warning C4244: 'argument' : conversion from 'double' to 'int', possible loss of data
         Generating Code...
       ManifestResourceCompile:
         C:\Program Files (x86)\Microsoft SDKs\Windows\v7.0A\bin\rc.exe /nologo /fo"Debug\Lab6.exe.embed.manifest.res" Debug\Lab6_manifest.rc 
       Link:
         c:\Program Files (x86)\Microsoft Visual Studio 10.0\VC\bin\link.exe /ERRORREPORT:PROMPT /OUT:"Z:\adit\My Documents\csci262\Lab 6\Debug\Lab6.exe" /INCREMENTAL /NOLOGO kernel32.lib user32.lib gdi32.lib winspool.lib comdlg32.lib advapi32.lib shell32.lib ole32.lib oleaut32.lib uuid.lib odbc32.lib odbccp32.lib /MANIFEST /ManifestFile:"Debug\Lab6.exe.intermediate.manifest" /MANIFESTUAC:"level='asInvoker' uiAccess='false'" /DEBUG /PDB:"Z:\adit\My Documents\csci262\Lab 6\Debug\Lab6.pdb" /SUBSYSTEM:CONSOLE /TLBID:1 /DYNAMICBASE /NXCOMPAT /IMPLIB:"Z:\adit\My Documents\csci262\Lab 6\Debug\Lab6.lib" /MACHINE:X86 Debug\Lab6.exe.embed.manifest.res
         Debug\Boost.obj
         Debug\car.obj
         Debug\carReader.obj
         Debug\racingGame.obj
         Debug\tile.obj
         Debug\trackReader.obj
         Debug\turn.obj
       Manifest:
         C:\Program Files (x86)\Microsoft SDKs\Windows\v7.0A\bin\mt.exe /nologo /verbose /out:"Debug\Lab6.exe.embed.manifest" /manifest Debug\Lab6.exe.intermediate.manifest
         C:\Program Files (x86)\Microsoft SDKs\Windows\v7.0A\bin\rc.exe /nologo /fo"Debug\Lab6.exe.embed.manifest.res" Debug\Lab6_manifest.rc 
       LinkEmbedManifest:
         c:\Program Files (x86)\Microsoft Visual Studio 10.0\VC\bin\link.exe /ERRORREPORT:PROMPT /OUT:"Z:\adit\My Documents\csci262\Lab 6\Debug\Lab6.exe" /INCREMENTAL /NOLOGO kernel32.lib user32.lib gdi32.lib winspool.lib comdlg32.lib advapi32.lib shell32.lib ole32.lib oleaut32.lib uuid.lib odbc32.lib odbccp32.lib /MANIFEST /ManifestFile:"Debug\Lab6.exe.intermediate.manifest" /MANIFESTUAC:"level='asInvoker' uiAccess='false'" /DEBUG /PDB:"Z:\adit\My Documents\csci262\Lab 6\Debug\Lab6.pdb" /SUBSYSTEM:CONSOLE /TLBID:1 /DYNAMICBASE /NXCOMPAT /IMPLIB:"Z:\adit\My Documents\csci262\Lab 6\Debug\Lab6.lib" /MACHINE:X86 Debug\Lab6.exe.embed.manifest.res
         Debug\Boost.obj
         Debug\car.obj
         Debug\carReader.obj
         Debug\racingGame.obj
         Debug\tile.obj
         Debug\trackReader.obj
         Debug\turn.obj
         Lab6.vcxproj -> Z:\adit\My Documents\csci262\Lab 6\Debug\Lab6.exe
       FinalizeBuildStatus:
         Deleting file "Debug\Lab6.unsuccessfulbuild".
         Touching "Debug\Lab6.lastbuildstate".
     1>Done Building Project "Z:\adit\My Documents\csci262\Lab 6\Lab6\Lab6.vcxproj" (build target(s)).

Build succeeded.

Time Elapsed 00:00:13.24
