C:\APPSENSEVIRTUAL\S-1-5-21-1034197437-1726532848-3120442065-18182\{A9B85A93-A69B-4520-AA58-4FB32BA832B7}\_OFFICE TRACKER\REGISTRY\SETTINGS.FBR
C:\APPSENSEVIRTUAL\S-1-5-21-1034197437-1726532848-3120442065-18182\{E4115DAD-BF63-4428-8F6D-8A7C3C3562A9}\_OFFICE TRACKER\REGISTRY\SETTINGS.FBR
C:\Documents and Settings\TheWillMan\Desktop\Willy\School\csci262\Lab 8\Debug\Lab 8.exe
C:\Documents and Settings\TheWillMan\Desktop\Willy\School\csci262\Lab 8\Debug\Lab 8.ilk
C:\Documents and Settings\TheWillMan\Desktop\Willy\School\csci262\Lab 8\Debug\Lab 8.pdb
C:\Documents and Settings\TheWillMan\Desktop\Willy\School\csci262\Lab 8\Lab 8\Debug\.NETFramework,Version=v4.0.AssemblyAttributes.obj
C:\Documents and Settings\TheWillMan\Desktop\Willy\School\csci262\Lab 8\Lab 8\Debug\app.res
C:\DOCUMENTS AND SETTINGS\THEWILLMAN\DESKTOP\WILLY\SCHOOL\CSCI262\LAB 8\LAB 8\DEBUG\ASSEMBLYINFO.OBJ
C:\Documents and Settings\TheWillMan\Desktop\Willy\School\csci262\Lab 8\Lab 8\Debug\cl.command.1.tlog
C:\Documents and Settings\TheWillMan\Desktop\Willy\School\csci262\Lab 8\Lab 8\Debug\CL.read.1.tlog
C:\Documents and Settings\TheWillMan\Desktop\Willy\School\csci262\Lab 8\Lab 8\Debug\CL.write.1.tlog
C:\Documents and Settings\TheWillMan\Desktop\Willy\School\csci262\Lab 8\Lab 8\Debug\GenerateResource.read.1.tlog
C:\Documents and Settings\TheWillMan\Desktop\Willy\School\csci262\Lab 8\Lab 8\Debug\GenerateResource.read.77.tlog
C:\Documents and Settings\TheWillMan\Desktop\Willy\School\csci262\Lab 8\Lab 8\Debug\GenerateResource.write.1.tlog
C:\Documents and Settings\TheWillMan\Desktop\Willy\School\csci262\Lab 8\Lab 8\Debug\GenerateResource.write.77.tlog
C:\Documents and Settings\TheWillMan\Desktop\Willy\School\csci262\Lab 8\Lab 8\Debug\Lab 8.exe.intermediate.manifest
C:\Documents and Settings\TheWillMan\Desktop\Willy\School\csci262\Lab 8\Lab 8\Debug\Lab 8.obj
C:\Documents and Settings\TheWillMan\Desktop\Willy\School\csci262\Lab 8\Lab 8\Debug\Lab 8.pch
C:\Documents and Settings\TheWillMan\Desktop\Willy\School\csci262\Lab 8\Lab 8\Debug\Lab 8.write.1.tlog
C:\Documents and Settings\TheWillMan\Desktop\Willy\School\csci262\Lab 8\Lab 8\Debug\Lab8.Form1.resources
C:\Documents and Settings\TheWillMan\Desktop\Willy\School\csci262\Lab 8\Lab 8\Debug\link.3424.read.1.tlog
C:\Documents and Settings\TheWillMan\Desktop\Willy\School\csci262\Lab 8\Lab 8\Debug\link.3424.write.1.tlog
C:\Documents and Settings\TheWillMan\Desktop\Willy\School\csci262\Lab 8\Lab 8\Debug\link.3424-cvtres.read.1.tlog
C:\Documents and Settings\TheWillMan\Desktop\Willy\School\csci262\Lab 8\Lab 8\Debug\link.3424-cvtres.write.1.tlog
C:\Documents and Settings\TheWillMan\Desktop\Willy\School\csci262\Lab 8\Lab 8\Debug\link.5300-cvtres.read.1.tlog
C:\Documents and Settings\TheWillMan\Desktop\Willy\School\csci262\Lab 8\Lab 8\Debug\link.5300-cvtres.write.1.tlog
C:\Documents and Settings\TheWillMan\Desktop\Willy\School\csci262\Lab 8\Lab 8\Debug\link.5944-cvtres.read.1.tlog
C:\Documents and Settings\TheWillMan\Desktop\Willy\School\csci262\Lab 8\Lab 8\Debug\link.5944-cvtres.write.1.tlog
C:\Documents and Settings\TheWillMan\Desktop\Willy\School\csci262\Lab 8\Lab 8\Debug\link.command.1.tlog
C:\Documents and Settings\TheWillMan\Desktop\Willy\School\csci262\Lab 8\Lab 8\Debug\link.read.1.tlog
C:\Documents and Settings\TheWillMan\Desktop\Willy\School\csci262\Lab 8\Lab 8\Debug\link.write.1.tlog
C:\Documents and Settings\TheWillMan\Desktop\Willy\School\csci262\Lab 8\Lab 8\Debug\mt.command.1.tlog
C:\Documents and Settings\TheWillMan\Desktop\Willy\School\csci262\Lab 8\Lab 8\Debug\mt.read.1.tlog
C:\Documents and Settings\TheWillMan\Desktop\Willy\School\csci262\Lab 8\Lab 8\Debug\mt.write.1.tlog
C:\Documents and Settings\TheWillMan\Desktop\Willy\School\csci262\Lab 8\Lab 8\Debug\PlaneSimRun.obj
C:\Documents and Settings\TheWillMan\Desktop\Willy\School\csci262\Lab 8\Lab 8\Debug\rc.command.1.tlog
C:\Documents and Settings\TheWillMan\Desktop\Willy\School\csci262\Lab 8\Lab 8\Debug\rc.read.1.tlog
C:\Documents and Settings\TheWillMan\Desktop\Willy\School\csci262\Lab 8\Lab 8\Debug\rc.write.1.tlog
C:\Documents and Settings\TheWillMan\Desktop\Willy\School\csci262\Lab 8\Lab 8\Debug\stdafx.obj
C:\Documents and Settings\TheWillMan\Desktop\Willy\School\csci262\Lab 8\Lab 8\Debug\vc100.pdb
C:\USERS\WILLY WEISKOPF\WILLY\SCHOOL\CSCI262\LAB 8\DEBUG\LAB 8.EXE
C:\USERS\WILLY WEISKOPF\WILLY\SCHOOL\CSCI262\LAB 8\DEBUG\LAB 8.ILK
C:\USERS\WILLY WEISKOPF\WILLY\SCHOOL\CSCI262\LAB 8\DEBUG\LAB 8.PDB
C:\USERS\WILLY WEISKOPF\WILLY\SCHOOL\CSCI262\LAB 8\LAB 8\DEBUG\.NETFRAMEWORK,VERSION=V4.0.ASSEMBLYATTRIBUTES.OBJ
C:\USERS\WILLY WEISKOPF\WILLY\SCHOOL\CSCI262\LAB 8\LAB 8\DEBUG\APP.RES
C:\USERS\WILLY WEISKOPF\WILLY\SCHOOL\CSCI262\LAB 8\LAB 8\DEBUG\ASSEMBLYINFO.OBJ
C:\USERS\WILLY WEISKOPF\WILLY\SCHOOL\CSCI262\LAB 8\LAB 8\DEBUG\LAB 8.EXE.INTERMEDIATE.MANIFEST
C:\USERS\WILLY WEISKOPF\WILLY\SCHOOL\CSCI262\LAB 8\LAB 8\DEBUG\LAB 8.OBJ
C:\USERS\WILLY WEISKOPF\WILLY\SCHOOL\CSCI262\LAB 8\LAB 8\DEBUG\LAB8.FORM1.RESOURCES
C:\USERS\WILLY WEISKOPF\WILLY\SCHOOL\CSCI262\LAB 8\LAB 8\DEBUG\VC100.PDB
Z:\ADIT\MY DOCUMENTS\CSCI262\LAB 8\DEBUG\LAB 8.PDB
Z:\ADIT\MY DOCUMENTS\CSCI262\LAB 8\LAB 8\DEBUG\.NETFRAMEWORK,VERSION=V4.0.ASSEMBLYATTRIBUTES.OBJ
Z:\ADIT\MY DOCUMENTS\CSCI262\LAB 8\LAB 8\DEBUG\ASSEMBLYINFO.OBJ
Z:\ADIT\MY DOCUMENTS\CSCI262\LAB 8\LAB 8\DEBUG\LAB 8.PCH
Z:\ADIT\MY DOCUMENTS\CSCI262\LAB 8\LAB 8\DEBUG\LAB8.FORM1.RESOURCES
Z:\ADIT\MY DOCUMENTS\CSCI262\LAB 8\LAB 8\DEBUG\STDAFX.OBJ
Z:\ADIT\MY DOCUMENTS\CSCI262\LAB 8\LAB 8\DEBUG\VC100.PDB
