Build started 12/13/2011 2:06:36 AM.
     1>Project "C:\Users\Willy Weiskopf\Willy\School\csci262\Lab 10 2\Lab 10 2\Lab 10 2.vcxproj" on node 2 (build target(s)).
     1>InitializeBuildStatus:
         Touching "Debug\Lab 10 2.unsuccessfulbuild".
       ClCompile:
         All outputs are up-to-date.
       ManifestResourceCompile:
         C:\Program Files (x86)\Microsoft SDKs\Windows\v7.0A\bin\rc.exe /nologo /fo"Debug\Lab 10 2.exe.embed.manifest.res" "Debug\Lab 10 2_manifest.rc" 
       Link:
         c:\Program Files (x86)\Microsoft Visual Studio 10.0\VC\bin\link.exe /ERRORREPORT:PROMPT /OUT:"C:\Users\Willy Weiskopf\Willy\School\csci262\Lab 10 2\Debug\Lab 10 2.exe" /INCREMENTAL /NOLOGO kernel32.lib user32.lib gdi32.lib winspool.lib comdlg32.lib advapi32.lib shell32.lib ole32.lib oleaut32.lib uuid.lib odbc32.lib odbccp32.lib /MANIFEST /ManifestFile:"Debug\Lab 10 2.exe.intermediate.manifest" /MANIFESTUAC:"level='asInvoker' uiAccess='false'" /DEBUG /PDB:"C:\Users\Willy Weiskopf\Willy\School\csci262\Lab 10 2\Debug\Lab 10 2.pdb" /SUBSYSTEM:CONSOLE /TLBID:1 /DYNAMICBASE /NXCOMPAT /IMPLIB:"C:\Users\Willy Weiskopf\Willy\School\csci262\Lab 10 2\Debug\Lab 10 2.lib" /MACHINE:X86 "Debug\Lab 10 2.exe.embed.manifest.res"
         Debug\main.obj
       Manifest:
         C:\Program Files (x86)\Microsoft SDKs\Windows\v7.0A\bin\mt.exe /nologo /verbose /out:"Debug\Lab 10 2.exe.embed.manifest" /manifest "Debug\Lab 10 2.exe.intermediate.manifest"
         C:\Program Files (x86)\Microsoft SDKs\Windows\v7.0A\bin\rc.exe /nologo /fo"Debug\Lab 10 2.exe.embed.manifest.res" "Debug\Lab 10 2_manifest.rc" 
       LinkEmbedManifest:
         c:\Program Files (x86)\Microsoft Visual Studio 10.0\VC\bin\link.exe /ERRORREPORT:PROMPT /OUT:"C:\Users\Willy Weiskopf\Willy\School\csci262\Lab 10 2\Debug\Lab 10 2.exe" /INCREMENTAL /NOLOGO kernel32.lib user32.lib gdi32.lib winspool.lib comdlg32.lib advapi32.lib shell32.lib ole32.lib oleaut32.lib uuid.lib odbc32.lib odbccp32.lib /MANIFEST /ManifestFile:"Debug\Lab 10 2.exe.intermediate.manifest" /MANIFESTUAC:"level='asInvoker' uiAccess='false'" /DEBUG /PDB:"C:\Users\Willy Weiskopf\Willy\School\csci262\Lab 10 2\Debug\Lab 10 2.pdb" /SUBSYSTEM:CONSOLE /TLBID:1 /DYNAMICBASE /NXCOMPAT /IMPLIB:"C:\Users\Willy Weiskopf\Willy\School\csci262\Lab 10 2\Debug\Lab 10 2.lib" /MACHINE:X86 "Debug\Lab 10 2.exe.embed.manifest.res"
         Debug\main.obj
         Lab 10 2.vcxproj -> C:\Users\Willy Weiskopf\Willy\School\csci262\Lab 10 2\Debug\Lab 10 2.exe
       FinalizeBuildStatus:
         Deleting file "Debug\Lab 10 2.unsuccessfulbuild".
         Touching "Debug\Lab 10 2.lastbuildstate".
     1>Done Building Project "C:\Users\Willy Weiskopf\Willy\School\csci262\Lab 10 2\Lab 10 2\Lab 10 2.vcxproj" (build target(s)).

Build succeeded.

Time Elapsed 00:00:00.43
