Build started 11/5/2011 12:34:21 PM.
     1>Project "C:\Users\Willy Weiskopf\Willy\School\csci262\Lab 9\Lab 9\Lab 9.vcxproj" on node 2 (build target(s)).
     1>InitializeBuildStatus:
         Creating "Debug\Lab 9.unsuccessfulbuild" because "AlwaysCreate" was specified.
       ClCompile:
         c:\Program Files (x86)\Microsoft Visual Studio 10.0\VC\bin\CL.exe /c /ZI /nologo /W3 /WX- /Od /Oy- /D WIN32 /D _DEBUG /D _CONSOLE /D _UNICODE /D UNICODE /Gm /EHsc /RTC1 /MDd /GS /fp:precise /Zc:wchar_t /Zc:forScope /Fo"Debug\\" /Fd"Debug\vc100.pdb" /Gd /TP /analyze- /errorReport:prompt main.cpp
         main.cpp
     1>c:\users\willy weiskopf\willy\school\csci262\lab 9\lab 9\main.cpp(43): warning C4551: function call missing argument list
       ManifestResourceCompile:
         All outputs are up-to-date.
       Link:
         c:\Program Files (x86)\Microsoft Visual Studio 10.0\VC\bin\link.exe /ERRORREPORT:PROMPT /OUT:"C:\Users\Willy Weiskopf\Willy\School\csci262\Lab 9\Debug\Lab 9.exe" /INCREMENTAL /NOLOGO kernel32.lib user32.lib gdi32.lib winspool.lib comdlg32.lib advapi32.lib shell32.lib ole32.lib oleaut32.lib uuid.lib odbc32.lib odbccp32.lib /MANIFEST /ManifestFile:"Debug\Lab 9.exe.intermediate.manifest" /MANIFESTUAC:"level='asInvoker' uiAccess='false'" /DEBUG /PDB:"C:\Users\Willy Weiskopf\Willy\School\csci262\Lab 9\Debug\Lab 9.pdb" /SUBSYSTEM:CONSOLE /TLBID:1 /DYNAMICBASE /NXCOMPAT /IMPLIB:"C:\Users\Willy Weiskopf\Willy\School\csci262\Lab 9\Debug\Lab 9.lib" /MACHINE:X86 "Debug\Lab 9.exe.embed.manifest.res"
         Debug\main.obj
         Debug\gcd.obj
         Debug\reverse.obj
         Debug\sumover.obj
       Manifest:
         C:\Program Files (x86)\Microsoft SDKs\Windows\v7.0A\bin\mt.exe /nologo /verbose /out:"Debug\Lab 9.exe.embed.manifest" /manifest "Debug\Lab 9.exe.intermediate.manifest"
         All outputs are up-to-date.
       LinkEmbedManifest:
         All outputs are up-to-date.
         Lab 9.vcxproj -> C:\Users\Willy Weiskopf\Willy\School\csci262\Lab 9\Debug\Lab 9.exe
       FinalizeBuildStatus:
         Deleting file "Debug\Lab 9.unsuccessfulbuild".
         Touching "Debug\Lab 9.lastbuildstate".
     1>Done Building Project "C:\Users\Willy Weiskopf\Willy\School\csci262\Lab 9\Lab 9\Lab 9.vcxproj" (build target(s)).

Build succeeded.

Time Elapsed 00:00:00.78
