Build started 10/21/2011 12:14:23 PM.
     1>Project "Z:\adit\My Documents\csci262\Lab 6.new\Lab 6\Lab 6.vcxproj" on node 2 (build target(s)).
     1>InitializeBuildStatus:
         Touching "Debug\Lab 6.unsuccessfulbuild".
       ClCompile:
         All outputs are up-to-date.
       ManifestResourceCompile:
         C:\Program Files (x86)\Microsoft SDKs\Windows\v7.0A\bin\rc.exe /nologo /fo"Debug\Lab 6.exe.embed.manifest.res" "Debug\Lab 6_manifest.rc" 
       Link:
         c:\Program Files (x86)\Microsoft Visual Studio 10.0\VC\bin\link.exe /ERRORREPORT:PROMPT /OUT:"Z:\adit\My Documents\csci262\Lab 6.new\Debug\Lab 6.exe" /INCREMENTAL /NOLOGO kernel32.lib user32.lib gdi32.lib winspool.lib comdlg32.lib advapi32.lib shell32.lib ole32.lib oleaut32.lib uuid.lib odbc32.lib odbccp32.lib /MANIFEST /ManifestFile:"Debug\Lab 6.exe.intermediate.manifest" /MANIFESTUAC:"level='asInvoker' uiAccess='false'" /DEBUG /PDB:"Z:\adit\My Documents\csci262\Lab 6.new\Debug\Lab 6.pdb" /SUBSYSTEM:CONSOLE /TLBID:1 /DYNAMICBASE /NXCOMPAT /IMPLIB:"Z:\adit\My Documents\csci262\Lab 6.new\Debug\Lab 6.lib" /MACHINE:X86 "Debug\Lab 6.exe.embed.manifest.res"
         Debug\recipeGame.obj
       Manifest:
         C:\Program Files (x86)\Microsoft SDKs\Windows\v7.0A\bin\mt.exe /nologo /verbose /out:"Debug\Lab 6.exe.embed.manifest" /manifest "Debug\Lab 6.exe.intermediate.manifest"
         C:\Program Files (x86)\Microsoft SDKs\Windows\v7.0A\bin\rc.exe /nologo /fo"Debug\Lab 6.exe.embed.manifest.res" "Debug\Lab 6_manifest.rc" 
       LinkEmbedManifest:
         c:\Program Files (x86)\Microsoft Visual Studio 10.0\VC\bin\link.exe /ERRORREPORT:PROMPT /OUT:"Z:\adit\My Documents\csci262\Lab 6.new\Debug\Lab 6.exe" /INCREMENTAL /NOLOGO kernel32.lib user32.lib gdi32.lib winspool.lib comdlg32.lib advapi32.lib shell32.lib ole32.lib oleaut32.lib uuid.lib odbc32.lib odbccp32.lib /MANIFEST /ManifestFile:"Debug\Lab 6.exe.intermediate.manifest" /MANIFESTUAC:"level='asInvoker' uiAccess='false'" /DEBUG /PDB:"Z:\adit\My Documents\csci262\Lab 6.new\Debug\Lab 6.pdb" /SUBSYSTEM:CONSOLE /TLBID:1 /DYNAMICBASE /NXCOMPAT /IMPLIB:"Z:\adit\My Documents\csci262\Lab 6.new\Debug\Lab 6.lib" /MACHINE:X86 "Debug\Lab 6.exe.embed.manifest.res"
         Debug\recipeGame.obj
         Lab 6.vcxproj -> Z:\adit\My Documents\csci262\Lab 6.new\Debug\Lab 6.exe
       FinalizeBuildStatus:
         Deleting file "Debug\Lab 6.unsuccessfulbuild".
         Touching "Debug\Lab 6.lastbuildstate".
     1>Done Building Project "Z:\adit\My Documents\csci262\Lab 6.new\Lab 6\Lab 6.vcxproj" (build target(s)).

Build succeeded.

Time Elapsed 00:00:04.78
