C:\USERS\WILLY WEISKOPF\WILLY\SCHOOL\DATA STRUCTURES\LAB 2\DEBUG\SIMPLEDATE.EXE
C:\USERS\WILLY WEISKOPF\WILLY\SCHOOL\DATA STRUCTURES\LAB 2\DEBUG\SIMPLEDATE.ILK
C:\USERS\WILLY WEISKOPF\WILLY\SCHOOL\DATA STRUCTURES\LAB 2\DEBUG\SIMPLEDATE.PDB
C:\Users\Willy Weiskopf\Willy\School\Data Structures\Lab 2\SimpleDate\Debug\cl.command.1.tlog
C:\Users\Willy Weiskopf\Willy\School\Data Structures\Lab 2\SimpleDate\Debug\CL.read.1.tlog
C:\Users\Willy Weiskopf\Willy\School\Data Structures\Lab 2\SimpleDate\Debug\CL.write.1.tlog
C:\USERS\WILLY WEISKOPF\WILLY\SCHOOL\DATA STRUCTURES\LAB 2\SIMPLEDATE\DEBUG\DATE.OBJ
C:\Users\Willy Weiskopf\Willy\School\Data Structures\Lab 2\SimpleDate\Debug\link.3328.read.1.tlog
C:\Users\Willy Weiskopf\Willy\School\Data Structures\Lab 2\SimpleDate\Debug\link.3328.write.1.tlog
C:\Users\Willy Weiskopf\Willy\School\Data Structures\Lab 2\SimpleDate\Debug\link.3328-cvtres.read.1.tlog
C:\Users\Willy Weiskopf\Willy\School\Data Structures\Lab 2\SimpleDate\Debug\link.3328-cvtres.write.1.tlog
C:\Users\Willy Weiskopf\Willy\School\Data Structures\Lab 2\SimpleDate\Debug\link.command.1.tlog
C:\Users\Willy Weiskopf\Willy\School\Data Structures\Lab 2\SimpleDate\Debug\link.read.1.tlog
C:\Users\Willy Weiskopf\Willy\School\Data Structures\Lab 2\SimpleDate\Debug\link.write.1.tlog
C:\Users\Willy Weiskopf\Willy\School\Data Structures\Lab 2\SimpleDate\Debug\link-cvtres.read.1.tlog
C:\Users\Willy Weiskopf\Willy\School\Data Structures\Lab 2\SimpleDate\Debug\link-cvtres.write.1.tlog
C:\Users\Willy Weiskopf\Willy\School\Data Structures\Lab 2\SimpleDate\Debug\mt.command.1.tlog
C:\Users\Willy Weiskopf\Willy\School\Data Structures\Lab 2\SimpleDate\Debug\mt.read.1.tlog
C:\Users\Willy Weiskopf\Willy\School\Data Structures\Lab 2\SimpleDate\Debug\mt.write.1.tlog
C:\Users\Willy Weiskopf\Willy\School\Data Structures\Lab 2\SimpleDate\Debug\rc.command.1.tlog
C:\Users\Willy Weiskopf\Willy\School\Data Structures\Lab 2\SimpleDate\Debug\rc.read.1.tlog
C:\Users\Willy Weiskopf\Willy\School\Data Structures\Lab 2\SimpleDate\Debug\rc.write.1.tlog
C:\USERS\WILLY WEISKOPF\WILLY\SCHOOL\DATA STRUCTURES\LAB 2\SIMPLEDATE\DEBUG\SIMPLEDATE.EXE.EMBED.MANIFEST
C:\USERS\WILLY WEISKOPF\WILLY\SCHOOL\DATA STRUCTURES\LAB 2\SIMPLEDATE\DEBUG\SIMPLEDATE.EXE.EMBED.MANIFEST.RES
C:\USERS\WILLY WEISKOPF\WILLY\SCHOOL\DATA STRUCTURES\LAB 2\SIMPLEDATE\DEBUG\SIMPLEDATE.EXE.INTERMEDIATE.MANIFEST
C:\Users\Willy Weiskopf\Willy\School\Data Structures\Lab 2\SimpleDate\Debug\SimpleDate_manifest.rc
C:\USERS\WILLY WEISKOPF\WILLY\SCHOOL\DATA STRUCTURES\LAB 2\SIMPLEDATE\DEBUG\USEDATES.OBJ
C:\Users\Willy Weiskopf\Willy\School\Data Structures\Lab 2\SimpleDate\Debug\vc100.idb
C:\USERS\WILLY WEISKOPF\WILLY\SCHOOL\DATA STRUCTURES\LAB 2\SIMPLEDATE\DEBUG\VC100.PDB
